This file contains any messages produced by compilers while
running configure, to aid debugging if configure makes a mistake.

It was created by configure, which was
generated by GNU Autoconf 2.61.  Invocation command line was

  $ ./configure 

## --------- ##
## Platform. ##
## --------- ##

hostname = valhalla
uname -m = i686
uname -r = 2.6.24-21-generic
uname -s = Linux
uname -v = #1 SMP Mon Aug 25 17:32:09 UTC 2008

/usr/bin/uname -p = unknown
/bin/uname -X     = unknown

/bin/arch              = unknown
/usr/bin/arch -k       = unknown
/usr/convex/getsysinfo = unknown
/usr/bin/hostinfo      = unknown
/bin/machine           = unknown
/usr/bin/oslevel       = unknown
/bin/universe          = unknown

PATH: /usr/local/sbin
PATH: /usr/local/bin
PATH: /usr/sbin
PATH: /usr/bin
PATH: /sbin
PATH: /bin
PATH: /usr/games


## ----------- ##
## Core tests. ##
## ----------- ##

configure:1751: checking for a BSD-compatible install
configure:1807: result: /usr/bin/install -c
configure:1818: checking whether build environment is sane
configure:1861: result: yes
configure:1926: checking for gawk
configure:1956: result: no
configure:1926: checking for mawk
configure:1942: found /usr/bin/mawk
configure:1953: result: mawk
configure:1964: checking whether make sets $(MAKE)
configure:1985: result: yes
configure:2221: checking for gcc
configure:2237: found /usr/bin/gcc
configure:2248: result: gcc
configure:2486: checking for C compiler version
configure:2493: gcc --version >&5
gcc (GCC) 4.2.3 (Ubuntu 4.2.3-2ubuntu7)
Copyright (C) 2007 Free Software Foundation, Inc.
This is free software; see the source for copying conditions.  There is NO
warranty; not even for MERCHANTABILITY or FITNESS FOR A PARTICULAR PURPOSE.

configure:2496: $? = 0
configure:2503: gcc -v >&5
Using built-in specs.
Target: i486-linux-gnu
Configured with: ../src/configure -v --enable-languages=c,c++,fortran,objc,obj-c++,treelang --prefix=/usr --enable-shared --with-system-zlib --libexecdir=/usr/lib --without-included-gettext --enable-threads=posix --enable-nls --with-gxx-include-dir=/usr/include/c++/4.2 --program-suffix=-4.2 --enable-clocale=gnu --enable-libstdcxx-debug --enable-objc-gc --enable-mpfr --enable-targets=all --enable-checking=release --build=i486-linux-gnu --host=i486-linux-gnu --target=i486-linux-gnu
Thread model: posix
gcc version 4.2.3 (Ubuntu 4.2.3-2ubuntu7)
configure:2506: $? = 0
configure:2513: gcc -V >&5
gcc: '-V' option must have argument
configure:2516: $? = 1
configure:2539: checking for C compiler default output file name
configure:2566: gcc    conftest.c  >&5
configure:2569: $? = 0
configure:2607: result: a.out
configure:2624: checking whether the C compiler works
configure:2634: ./a.out
configure:2637: $? = 0
configure:2654: result: yes
configure:2661: checking whether we are cross compiling
configure:2663: result: no
configure:2666: checking for suffix of executables
configure:2673: gcc -o conftest    conftest.c  >&5
configure:2676: $? = 0
configure:2700: result: 
configure:2706: checking for suffix of object files
configure:2732: gcc -c   conftest.c >&5
configure:2735: $? = 0
configure:2758: result: o
configure:2762: checking whether we are using the GNU C compiler
configure:2791: gcc -c   conftest.c >&5
configure:2797: $? = 0
configure:2814: result: yes
configure:2819: checking whether gcc accepts -g
configure:2849: gcc -c -g  conftest.c >&5
configure:2855: $? = 0
configure:2954: result: yes
configure:2971: checking for gcc option to accept ISO C89
configure:3045: gcc  -c -g -O2  conftest.c >&5
configure:3051: $? = 0
configure:3074: result: none needed
configure:3103: checking for style of include used by make
configure:3131: result: GNU
configure:3159: checking dependency style of gcc
configure:3249: result: gcc3
configure:3279: checking for a BSD-compatible install
configure:3335: result: /usr/bin/install -c
configure:3397: checking for pkg-config
configure:3415: found /usr/bin/pkg-config
configure:3427: result: /usr/bin/pkg-config
configure:3456: checking pkg-config is at least version 0.9.0
configure:3459: result: yes
configure:3470: checking for GLIB
configure:3478: $PKG_CONFIG --exists --print-errors "glib-2.0"
configure:3481: $? = 0
configure:3496: $PKG_CONFIG --exists --print-errors "glib-2.0"
configure:3499: $? = 0
configure:3575: result: yes
configure:3584: checking for GTK
configure:3592: $PKG_CONFIG --exists --print-errors "gtk+-2.0"
configure:3595: $? = 0
configure:3610: $PKG_CONFIG --exists --print-errors "gtk+-2.0"
configure:3613: $? = 0
configure:3689: result: yes
configure:3698: checking for GLADE
configure:3706: $PKG_CONFIG --exists --print-errors "libglade-2.0"
configure:3709: $? = 0
configure:3724: $PKG_CONFIG --exists --print-errors "libglade-2.0"
configure:3727: $? = 0
configure:3803: result: yes
configure:3812: checking for DBUS
configure:3820: $PKG_CONFIG --exists --print-errors "dbus-glib-1"
configure:3823: $? = 0
configure:3838: $PKG_CONFIG --exists --print-errors "dbus-glib-1"
configure:3841: $? = 0
configure:3917: result: yes
configure:3926: checking for HAL
configure:3934: $PKG_CONFIG --exists --print-errors "hal-storage"
configure:3937: $? = 0
configure:3952: $PKG_CONFIG --exists --print-errors "hal-storage"
configure:3955: $? = 0
configure:4031: result: yes
configure:4155: creating ./config.status

## ---------------------- ##
## Running config.status. ##
## ---------------------- ##

This file was extended by config.status, which was
generated by GNU Autoconf 2.61.  Invocation command line was

  CONFIG_FILES    = 
  CONFIG_HEADERS  = 
  CONFIG_LINKS    = 
  CONFIG_COMMANDS = 
  $ ./config.status 

on valhalla

config.status:644: creating Makefile
config.status:644: creating doc/Makefile
config.status:644: creating src/Makefile
config.status:644: creating src/data/Makefile
config.status:644: creating src/config.h
config.status:900: executing depfiles commands
configure:5382: result:
  ************************************************************
 *  guboot 0.1:  Automatic configuration OK.
**
**  Installation directories:
**
**     Program: ................. /usr/local/bin
**
**************************************************************
**
**  Type 'make' to compile guboot.
**
**  Have fun with guboot!
 *
  ************************************************************


## ---------------- ##
## Cache variables. ##
## ---------------- ##

ac_cv_c_compiler_gnu=yes
ac_cv_env_CC_set=
ac_cv_env_CC_value=
ac_cv_env_CFLAGS_set=
ac_cv_env_CFLAGS_value=
ac_cv_env_CPPFLAGS_set=
ac_cv_env_CPPFLAGS_value=
ac_cv_env_DBUS_CFLAGS_set=
ac_cv_env_DBUS_CFLAGS_value=
ac_cv_env_DBUS_LIBS_set=
ac_cv_env_DBUS_LIBS_value=
ac_cv_env_GLADE_CFLAGS_set=
ac_cv_env_GLADE_CFLAGS_value=
ac_cv_env_GLADE_LIBS_set=
ac_cv_env_GLADE_LIBS_value=
ac_cv_env_GLIB_CFLAGS_set=
ac_cv_env_GLIB_CFLAGS_value=
ac_cv_env_GLIB_LIBS_set=
ac_cv_env_GLIB_LIBS_value=
ac_cv_env_GTK_CFLAGS_set=
ac_cv_env_GTK_CFLAGS_value=
ac_cv_env_GTK_LIBS_set=
ac_cv_env_GTK_LIBS_value=
ac_cv_env_HAL_CFLAGS_set=
ac_cv_env_HAL_CFLAGS_value=
ac_cv_env_HAL_LIBS_set=
ac_cv_env_HAL_LIBS_value=
ac_cv_env_LDFLAGS_set=
ac_cv_env_LDFLAGS_value=
ac_cv_env_LIBS_set=
ac_cv_env_LIBS_value=
ac_cv_env_PKG_CONFIG_set=
ac_cv_env_PKG_CONFIG_value=
ac_cv_env_build_alias_set=
ac_cv_env_build_alias_value=
ac_cv_env_host_alias_set=
ac_cv_env_host_alias_value=
ac_cv_env_target_alias_set=
ac_cv_env_target_alias_value=
ac_cv_objext=o
ac_cv_path_ac_pt_PKG_CONFIG=/usr/bin/pkg-config
ac_cv_path_install='/usr/bin/install -c'
ac_cv_prog_AWK=mawk
ac_cv_prog_ac_ct_CC=gcc
ac_cv_prog_cc_c89=
ac_cv_prog_cc_g=yes
ac_cv_prog_make_make_set=yes
am_cv_CC_dependencies_compiler_type=gcc3
pkg_cv_DBUS_CFLAGS='-I/usr/include/dbus-1.0 -I/usr/lib/dbus-1.0/include -I/usr/include/glib-2.0 -I/usr/lib/glib-2.0/include  '
pkg_cv_DBUS_LIBS='-ldbus-glib-1 -ldbus-1 -lgobject-2.0 -lglib-2.0  '
pkg_cv_GLADE_CFLAGS='-I/usr/include/libglade-2.0 -I/usr/include/gtk-2.0 -I/usr/include/libxml2 -I/usr/lib/gtk-2.0/include -I/usr/include/atk-1.0 -I/usr/include/cairo -I/usr/include/pango-1.0 -I/usr/include/glib-2.0 -I/usr/lib/glib-2.0/include -I/usr/include/freetype2 -I/usr/include/libpng12 -I/usr/include/pixman-1  '
pkg_cv_GLADE_LIBS='-lglade-2.0 -lgtk-x11-2.0 -lxml2 -lgdk-x11-2.0 -latk-1.0 -lgdk_pixbuf-2.0 -lm -lpangocairo-1.0 -lpango-1.0 -lcairo -lgobject-2.0 -lgmodule-2.0 -ldl -lglib-2.0  '
pkg_cv_GLIB_CFLAGS='-I/usr/include/glib-2.0 -I/usr/lib/glib-2.0/include  '
pkg_cv_GLIB_LIBS='-lglib-2.0  '
pkg_cv_GTK_CFLAGS='-I/usr/include/gtk-2.0 -I/usr/lib/gtk-2.0/include -I/usr/include/atk-1.0 -I/usr/include/cairo -I/usr/include/pango-1.0 -I/usr/include/glib-2.0 -I/usr/lib/glib-2.0/include -I/usr/include/freetype2 -I/usr/include/libpng12 -I/usr/include/pixman-1  '
pkg_cv_GTK_LIBS='-lgtk-x11-2.0 -lgdk-x11-2.0 -latk-1.0 -lgdk_pixbuf-2.0 -lm -lpangocairo-1.0 -lpango-1.0 -lcairo -lgobject-2.0 -lgmodule-2.0 -ldl -lglib-2.0  '
pkg_cv_HAL_CFLAGS='-DDBUS_API_SUBJECT_TO_CHANGE -I/usr/include/hal -I/usr/include/dbus-1.0 -I/usr/lib/dbus-1.0/include  '
pkg_cv_HAL_LIBS='-lhal-storage -lhal -ldbus-1  '

## ----------------- ##
## Output variables. ##
## ----------------- ##

ACLOCAL='${SHELL} /home/patrik/Desktop/guboot-distrib/missing --run aclocal-1.9'
AMDEPBACKSLASH='\'
AMDEP_FALSE='#'
AMDEP_TRUE=''
AMTAR='${SHELL} /home/patrik/Desktop/guboot-distrib/missing --run tar'
AUTOCONF='${SHELL} /home/patrik/Desktop/guboot-distrib/missing --run autoconf'
AUTOHEADER='${SHELL} /home/patrik/Desktop/guboot-distrib/missing --run autoheader'
AUTOMAKE='${SHELL} /home/patrik/Desktop/guboot-distrib/missing --run automake-1.9'
AWK='mawk'
CC='gcc'
CCDEPMODE='depmode=gcc3'
CFLAGS='-g -O2'
CPPFLAGS=''
CYGPATH_W='echo'
DBUS_CFLAGS='-I/usr/include/dbus-1.0 -I/usr/lib/dbus-1.0/include -I/usr/include/glib-2.0 -I/usr/lib/glib-2.0/include  '
DBUS_LIBS='-ldbus-glib-1 -ldbus-1 -lgobject-2.0 -lglib-2.0  '
DEFS='-DHAVE_CONFIG_H'
DEPDIR='.deps'
ECHO_C=''
ECHO_N='-n'
ECHO_T=''
EXEEXT=''
GLADE_CFLAGS='-I/usr/include/libglade-2.0 -I/usr/include/gtk-2.0 -I/usr/include/libxml2 -I/usr/lib/gtk-2.0/include -I/usr/include/atk-1.0 -I/usr/include/cairo -I/usr/include/pango-1.0 -I/usr/include/glib-2.0 -I/usr/lib/glib-2.0/include -I/usr/include/freetype2 -I/usr/include/libpng12 -I/usr/include/pixman-1  '
GLADE_LIBS='-lglade-2.0 -lgtk-x11-2.0 -lxml2 -lgdk-x11-2.0 -latk-1.0 -lgdk_pixbuf-2.0 -lm -lpangocairo-1.0 -lpango-1.0 -lcairo -lgobject-2.0 -lgmodule-2.0 -ldl -lglib-2.0  '
GLIB_CFLAGS='-I/usr/include/glib-2.0 -I/usr/lib/glib-2.0/include  '
GLIB_LIBS='-lglib-2.0  '
GTK_CFLAGS='-I/usr/include/gtk-2.0 -I/usr/lib/gtk-2.0/include -I/usr/include/atk-1.0 -I/usr/include/cairo -I/usr/include/pango-1.0 -I/usr/include/glib-2.0 -I/usr/lib/glib-2.0/include -I/usr/include/freetype2 -I/usr/include/libpng12 -I/usr/include/pixman-1  '
GTK_LIBS='-lgtk-x11-2.0 -lgdk-x11-2.0 -latk-1.0 -lgdk_pixbuf-2.0 -lm -lpangocairo-1.0 -lpango-1.0 -lcairo -lgobject-2.0 -lgmodule-2.0 -ldl -lglib-2.0  '
HAL_CFLAGS='-DDBUS_API_SUBJECT_TO_CHANGE -I/usr/include/hal -I/usr/include/dbus-1.0 -I/usr/lib/dbus-1.0/include  '
HAL_LIBS='-lhal-storage -lhal -ldbus-1  '
INSTALL_DATA='${INSTALL} -m 644'
INSTALL_PROGRAM='${INSTALL}'
INSTALL_SCRIPT='${INSTALL}'
INSTALL_STRIP_PROGRAM='${SHELL} $(install_sh) -c -s'
LDFLAGS=''
LIBOBJS=''
LIBS=''
LTLIBOBJS=''
MAKEINFO='${SHELL} /home/patrik/Desktop/guboot-distrib/missing --run makeinfo'
OBJEXT='o'
PACKAGE='guboot'
PACKAGE_BUGREPORT=''
PACKAGE_NAME=''
PACKAGE_STRING=''
PACKAGE_TARNAME=''
PACKAGE_VERSION=''
PATH_SEPARATOR=':'
PKG_CONFIG='/usr/bin/pkg-config'
SET_MAKE=''
SHELL='/bin/bash'
STRIP=''
VERSION='0.1'
ac_ct_CC='gcc'
am__fastdepCC_FALSE='#'
am__fastdepCC_TRUE=''
am__include='include'
am__leading_dot='.'
am__quote=''
am__tar='${AMTAR} chof - "$$tardir"'
am__untar='${AMTAR} xf -'
bindir='${exec_prefix}/bin'
build_alias=''
datadir='${datarootdir}'
datarootdir='${prefix}/share'
docdir='${datarootdir}/doc/${PACKAGE}'
dvidir='${docdir}'
exec_prefix='${prefix}'
host_alias=''
htmldir='${docdir}'
includedir='${prefix}/include'
infodir='${datarootdir}/info'
install_sh='/home/patrik/Desktop/guboot-distrib/install-sh'
libdir='${exec_prefix}/lib'
libexecdir='${exec_prefix}/libexec'
localedir='${datarootdir}/locale'
localstatedir='${prefix}/var'
mandir='${datarootdir}/man'
mkdir_p='mkdir -p --'
oldincludedir='/usr/include'
pdfdir='${docdir}'
prefix='/usr/local'
program_transform_name='s,x,x,'
psdir='${docdir}'
sbindir='${exec_prefix}/sbin'
sharedstatedir='${prefix}/com'
sysconfdir='${prefix}/etc'
target_alias=''

## ----------- ##
## confdefs.h. ##
## ----------- ##

#define PACKAGE_NAME ""
#define PACKAGE_TARNAME ""
#define PACKAGE_VERSION ""
#define PACKAGE_STRING ""
#define PACKAGE_BUGREPORT ""
#define PACKAGE "guboot"
#define VERSION "0.1"

configure: exit 0
